# JRE version: OpenJDK Runtime Environment (8.0) (build 1.8.0-adoptopenjdk-_2018_05_19_00_59-b00)
# Java VM: OpenJDK 64-Bit Server VM (25.71-b00 mixed mode windows-amd64 compressed oops)
Heap:
 PSYoungGen      total 18944K, used 15536K [0x00000000eb100000, 0x00000000ec600000, 0x0000000100000000)
  eden space 16384K, 94% used [0x00000000eb100000,0x00000000ec02c2c0,0x00000000ec100000)
  from space 2560K, 0% used [0x00000000ec380000,0x00000000ec380000,0x00000000ec600000)
  to   space 2560K, 0% used [0x00000000ec100000,0x00000000ec100000,0x00000000ec380000)
 ParOldGen       total 21504K, used 1670K [0x00000000c1200000, 0x00000000c2700000, 0x00000000eb100000)
  object space 21504K, 7% used [0x00000000c1200000,0x00000000c13a1898,0x00000000c2700000)
 Metaspace       used 12737K, capacity 12978K, committed 13184K, reserved 1060864K
  class space    used 1503K, capacity 1585K, committed 1664K, reserved 1048576K
GC Heap History (6 events):
Event: 5.816 GC heap before
{Heap before GC invocations=1 (full 0):
 PSYoungGen      total 18944K, used 16384K [0x00000000eb100000, 0x00000000ec600000, 0x0000000100000000)
  eden space 16384K, 100% used [0x00000000eb100000,0x00000000ec100000,0x00000000ec100000)
  from space 2560K, 0% used [0x00000000ec380000,0x00000000ec380000,0x00000000ec600000)
  to   space 2560K, 0% used [0x00000000ec100000,0x00000000ec100000,0x00000000ec380000)
 ParOldGen       total 44032K, used 0K [0x00000000c1200000, 0x00000000c3d00000, 0x00000000eb100000)
  object space 44032K, 0% used [0x00000000c1200000,0x00000000c1200000,0x00000000c3d00000)
 Metaspace       used 8857K, capacity 9038K, committed 9088K, reserved 1056768K
  class space    used 1044K, capacity 1117K, committed 1152K, reserved 1048576K
Event: 5.853 GC heap after
Heap after GC invocations=1 (full 0):
 PSYoungGen      total 18944K, used 2550K [0x00000000eb100000, 0x00000000ec600000, 0x0000000100000000)
  eden space 16384K, 0% used [0x00000000eb100000,0x00000000eb100000,0x00000000ec100000)
  from space 2560K, 99% used [0x00000000ec100000,0x00000000ec37d8e8,0x00000000ec380000)
  to   space 2560K, 0% used [0x00000000ec380000,0x00000000ec380000,0x00000000ec600000)
 ParOldGen       total 44032K, used 902K [0x00000000c1200000, 0x00000000c3d00000, 0x00000000eb100000)
  object space 44032K, 2% used [0x00000000c1200000,0x00000000c12e1b30,0x00000000c3d00000)
 Metaspace       used 8857K, capacity 9038K, committed 9088K, reserved 1056768K
  class space    used 1044K, capacity 1117K, committed 1152K, reserved 1048576K
}
Event: 5.923 GC heap before
{Heap before GC invocations=2 (full 0):
 PSYoungGen      total 18944K, used 3041K [0x00000000eb100000, 0x00000000ec600000, 0x0000000100000000)
  eden space 16384K, 2% used [0x00000000eb100000,0x00000000eb17ad28,0x00000000ec100000)
  from space 2560K, 99% used [0x00000000ec100000,0x00000000ec37d8e8,0x00000000ec380000)
  to   space 2560K, 0% used [0x00000000ec380000,0x00000000ec380000,0x00000000ec600000)
 ParOldGen       total 44032K, used 902K [0x00000000c1200000, 0x00000000c3d00000, 0x00000000eb100000)
  object space 44032K, 2% used [0x00000000c1200000,0x00000000c12e1b30,0x00000000c3d00000)
 Metaspace       used 9148K, capacity 9326K, committed 9344K, reserved 1060864K
  class space    used 1065K, capacity 1149K, committed 1152K, reserved 1048576K
Event: 5.935 GC heap after
Heap after GC invocations=2 (full 0):
 PSYoungGen      total 18944K, used 1696K [0x00000000eb100000, 0x00000000ec600000, 0x0000000100000000)
  eden space 16384K, 0% used [0x00000000eb100000,0x00000000eb100000,0x00000000ec100000)
  from space 2560K, 66% used [0x00000000ec380000,0x00000000ec528030,0x00000000ec600000)
  to   space 2560K, 0% used [0x00000000ec100000,0x00000000ec100000,0x00000000ec380000)
 ParOldGen       total 44032K, used 910K [0x00000000c1200000, 0x00000000c3d00000, 0x00000000eb100000)
  object space 44032K, 2% used [0x00000000c1200000,0x00000000c12e3b30,0x00000000c3d00000)
 Metaspace       used 9148K, capacity 9326K, committed 9344K, reserved 1060864K
  class space    used 1065K, capacity 1149K, committed 1152K, reserved 1048576K
}
Event: 5.935 GC heap before
{Heap before GC invocations=3 (full 1):
 PSYoungGen      total 18944K, used 1696K [0x00000000eb100000, 0x00000000ec600000, 0x0000000100000000)
  eden space 16384K, 0% used [0x00000000eb100000,0x00000000eb100000,0x00000000ec100000)
  from space 2560K, 66% used [0x00000000ec380000,0x00000000ec528030,0x00000000ec600000)
  to   space 2560K, 0% used [0x00000000ec100000,0x00000000ec100000,0x00000000ec380000)
 ParOldGen       total 44032K, used 910K [0x00000000c1200000, 0x00000000c3d00000, 0x00000000eb100000)
  object space 44032K, 2% used [0x00000000c1200000,0x00000000c12e3b30,0x00000000c3d00000)
 Metaspace       used 9148K, capacity 9326K, committed 9344K, reserved 1060864K
  class space    used 1065K, capacity 1149K, committed 1152K, reserved 1048576K
Event: 5.983 GC heap after
Heap after GC invocations=3 (full 1):
 PSYoungGen      total 18944K, used 0K [0x00000000eb100000, 0x00000000ec600000, 0x0000000100000000)
  eden space 16384K, 0% used [0x00000000eb100000,0x00000000eb100000,0x00000000ec100000)
  from space 2560K, 0% used [0x00000000ec380000,0x00000000ec380000,0x00000000ec600000)
  to   space 2560K, 0% used [0x00000000ec100000,0x00000000ec100000,0x00000000ec380000)
 ParOldGen       total 21504K, used 1670K [0x00000000c1200000, 0x00000000c2700000, 0x00000000eb100000)
  object space 21504K, 7% used [0x00000000c1200000,0x00000000c13a1898,0x00000000c2700000)
 Metaspace       used 9148K, capacity 9326K, committed 9344K, reserved 1058816K
  class space    used 1065K, capacity 1149K, committed 1152K, reserved 1048576K
}

